Started GET "/favicon.ico" for 127.0.0.1 at 2017-09-21 19:39:43 -0300
  
ActionController::RoutingError (No route matches [GET] "/favicon.ico"):
  
actionpack (5.1.4) lib/action_dispatch/middleware/debug_exceptions.rb:63:in `call'
actionpack (5.1.4) lib/action_dispatch/middleware/show_exceptions.rb:31:in `call'
railties (5.1.4) lib/rails/rack/logger.rb:36:in `call_app'
railties (5.1.4) lib/rails/rack/logger.rb:24:in `block in call'
activesupport (5.1.4) lib/active_support/tagged_logging.rb:69:in `block in tagged'
activesupport (5.1.4) lib/active_support/tagged_logging.rb:26:in `tagged'
activesupport (5.1.4) lib/active_support/tagged_logging.rb:69:in `tagged'
railties (5.1.4) lib/rails/rack/logger.rb:24:in `call'
actionpack (5.1.4) lib/action_dispatch/middleware/remote_ip.rb:79:in `call'
actionpack (5.1.4) lib/action_dispatch/middleware/request_id.rb:25:in `call'
rack (2.0.3) lib/rack/runtime.rb:22:in `call'
activesupport (5.1.4) lib/active_support/cache/strategy/local_cache_middleware.rb:27:in `call'
actionpack (5.1.4) lib/action_dispatch/middleware/executor.rb:12:in `call'
actionpack (5.1.4) lib/action_dispatch/middleware/static.rb:125:in `call'
rack (2.0.3) lib/rack/sendfile.rb:111:in `call'
railties (5.1.4) lib/rails/engine.rb:522:in `call'
puma (3.10.0) lib/puma/configuration.rb:225:in `call'
puma (3.10.0) lib/puma/server.rb:605:in `handle_request'
puma (3.10.0) lib/puma/server.rb:437:in `process_client'
puma (3.10.0) lib/puma/server.rb:301:in `block in run'
puma (3.10.0) lib/puma/thread_pool.rb:120:in `block in spawn_thread'
Started GET "/" for 127.0.0.1 at 2017-09-21 19:39:44 -0300
Processing by Rails::WelcomeController#index as HTML
  Rendering /Users/tpenido/.rbenv/versions/2.4.1/lib/ruby/gems/2.4.0/gems/railties-5.1.4/lib/rails/templates/rails/welcome/index.html.erb
  Rendered /Users/tpenido/.rbenv/versions/2.4.1/lib/ruby/gems/2.4.0/gems/railties-5.1.4/lib/rails/templates/rails/welcome/index.html.erb (3.2ms)
Completed 200 OK in 178ms (Views: 6.4ms)


Started GET "/public/health_check" for 127.0.0.1 at 2017-09-21 19:56:01 -0300
Processing by PublicController#health_check as HTML
Completed 200 OK in 165ms (Views: 0.1ms)


Started GET "/public/health_che" for 127.0.0.1 at 2017-09-21 19:56:07 -0300
  
ActionController::RoutingError (No route matches [GET] "/public/health_che"):
  
actionpack (5.1.4) lib/action_dispatch/middleware/debug_exceptions.rb:63:in `call'
actionpack (5.1.4) lib/action_dispatch/middleware/show_exceptions.rb:31:in `call'
railties (5.1.4) lib/rails/rack/logger.rb:36:in `call_app'
railties (5.1.4) lib/rails/rack/logger.rb:24:in `block in call'
activesupport (5.1.4) lib/active_support/tagged_logging.rb:69:in `block in tagged'
activesupport (5.1.4) lib/active_support/tagged_logging.rb:26:in `tagged'
activesupport (5.1.4) lib/active_support/tagged_logging.rb:69:in `tagged'
railties (5.1.4) lib/rails/rack/logger.rb:24:in `call'
actionpack (5.1.4) lib/action_dispatch/middleware/remote_ip.rb:79:in `call'
actionpack (5.1.4) lib/action_dispatch/middleware/request_id.rb:25:in `call'
rack (2.0.3) lib/rack/runtime.rb:22:in `call'
activesupport (5.1.4) lib/active_support/cache/strategy/local_cache_middleware.rb:27:in `call'
actionpack (5.1.4) lib/action_dispatch/middleware/executor.rb:12:in `call'
actionpack (5.1.4) lib/action_dispatch/middleware/static.rb:125:in `call'
rack (2.0.3) lib/rack/sendfile.rb:111:in `call'
railties (5.1.4) lib/rails/engine.rb:522:in `call'
puma (3.10.0) lib/puma/configuration.rb:225:in `call'
puma (3.10.0) lib/puma/server.rb:605:in `handle_request'
puma (3.10.0) lib/puma/server.rb:437:in `process_client'
puma (3.10.0) lib/puma/server.rb:301:in `block in run'
puma (3.10.0) lib/puma/thread_pool.rb:120:in `block in spawn_thread'
  [1m[35m (20.3ms)[0m  [1m[35mCREATE TABLE "schema_migrations" ("version" character varying NOT NULL PRIMARY KEY)[0m
  [1m[35m (26.1ms)[0m  [1m[35mCREATE TABLE "ar_internal_metadata" ("key" character varying NOT NULL PRIMARY KEY, "value" character varying, "created_at" timestamp NOT NULL, "updated_at" timestamp NOT NULL)[0m
  [1m[35m (13.0ms)[0m  [1m[34mSELECT pg_try_advisory_lock(204187540058120640)[0m
  [1m[35m (2.7ms)[0m  [1m[34mSELECT "schema_migrations"."version" FROM "schema_migrations" ORDER BY "schema_migrations"."version" ASC[0m
  [1m[36mActiveRecord::InternalMetadata Load (1.8ms)[0m  [1m[34mSELECT  "ar_internal_metadata".* FROM "ar_internal_metadata" WHERE "ar_internal_metadata"."key" = $1 LIMIT $2[0m  [["key", "environment"], ["LIMIT", 1]]
  [1m[35m (0.2ms)[0m  [1m[35mBEGIN[0m
  [1m[35mSQL (13.2ms)[0m  [1m[32mINSERT INTO "ar_internal_metadata" ("key", "value", "created_at", "updated_at") VALUES ($1, $2, $3, $4) RETURNING "key"[0m  [["key", "environment"], ["value", "development"], ["created_at", "2017-09-21 23:27:01.109679"], ["updated_at", "2017-09-21 23:27:01.109679"]]
  [1m[35m (0.5ms)[0m  [1m[35mCOMMIT[0m
  [1m[35m (0.4ms)[0m  [1m[34mSELECT pg_advisory_unlock(204187540058120640)[0m
  [1m[35m (0.4ms)[0m  [1m[34mSELECT "schema_migrations"."version" FROM "schema_migrations" ORDER BY "schema_migrations"."version" ASC[0m
  [1m[35m (18.5ms)[0m  [1m[34mSELECT pg_try_advisory_lock(204187540058120640)[0m
  [1m[35m (4.2ms)[0m  [1m[34mSELECT "schema_migrations"."version" FROM "schema_migrations" ORDER BY "schema_migrations"."version" ASC[0m
Migrating to CreateResponsables (20170926220909)
  [1m[35m (6.4ms)[0m  [1m[35mBEGIN[0m
  [1m[35m (66.8ms)[0m  [1m[35mCREATE TABLE "responsables" ("id" bigserial primary key, "name" character varying, "email" character varying, "created_at" timestamp NOT NULL, "updated_at" timestamp NOT NULL)[0m
  [1m[35mSQL (0.5ms)[0m  [1m[32mINSERT INTO "schema_migrations" ("version") VALUES ($1) RETURNING "version"[0m  [["version", "20170926220909"]]
  [1m[35m (4.0ms)[0m  [1m[35mCOMMIT[0m
Migrating to CreateOffices (20170926221136)
  [1m[35m (0.3ms)[0m  [1m[35mBEGIN[0m
  [1m[35m (3.6ms)[0m  [1m[35mCREATE TABLE "offices" ("id" bigserial primary key, "name" character varying, "enabled" boolean, "created_at" timestamp NOT NULL, "updated_at" timestamp NOT NULL)[0m
  [1m[35mSQL (0.3ms)[0m  [1m[32mINSERT INTO "schema_migrations" ("version") VALUES ($1) RETURNING "version"[0m  [["version", "20170926221136"]]
  [1m[35m (0.4ms)[0m  [1m[35mCOMMIT[0m
Migrating to CreateSuppliers (20170926221305)
  [1m[35m (6.2ms)[0m  [1m[35mBEGIN[0m
  [1m[35m (20.7ms)[0m  [1m[35mCREATE TABLE "suppliers" ("id" bigserial primary key, "name" character varying, "email" character varying, "phone" character varying, "contact" character varying, "created_at" timestamp NOT NULL, "updated_at" timestamp NOT NULL)[0m
  [1m[35mSQL (0.4ms)[0m  [1m[32mINSERT INTO "schema_migrations" ("version") VALUES ($1) RETURNING "version"[0m  [["version", "20170926221305"]]
  [1m[35m (0.5ms)[0m  [1m[35mCOMMIT[0m
Migrating to CreateEventTypes (20170926221433)
  [1m[35m (0.3ms)[0m  [1m[35mBEGIN[0m
  [1m[35m (6.3ms)[0m  [1m[35mCREATE TABLE "event_types" ("id" bigserial primary key, "name" character varying, "enabled" boolean, "created_at" timestamp NOT NULL, "updated_at" timestamp NOT NULL)[0m
  [1m[35mSQL (0.3ms)[0m  [1m[32mINSERT INTO "schema_migrations" ("version") VALUES ($1) RETURNING "version"[0m  [["version", "20170926221433"]]
  [1m[35m (0.4ms)[0m  [1m[35mCOMMIT[0m
Migrating to CreateEventRequestStatuses (20170926221521)
  [1m[35m (5.4ms)[0m  [1m[35mBEGIN[0m
  [1m[35m (21.8ms)[0m  [1m[35mCREATE TABLE "event_request_statuses" ("id" bigserial primary key, "name" character varying, "created_at" timestamp NOT NULL, "updated_at" timestamp NOT NULL)[0m
  [1m[35mSQL (0.5ms)[0m  [1m[32mINSERT INTO "schema_migrations" ("version") VALUES ($1) RETURNING "version"[0m  [["version", "20170926221521"]]
  [1m[35m (0.8ms)[0m  [1m[35mCOMMIT[0m
Migrating to CreateEventRequests (20170926222154)
  [1m[35m (0.4ms)[0m  [1m[35mBEGIN[0m
  [1m[35m (44.9ms)[0m  [1m[35mCREATE TABLE "event_requests" ("id" bigserial primary key, "name" character varying, "description" character varying, "date" timestamp, "participants_number" integer, "responsable_id" bigint, "office_id" bigint, "event_request_status_id" bigint, "event_type_id" bigint, "created_at" timestamp NOT NULL, "updated_at" timestamp NOT NULL, CONSTRAINT "fk_rails_363fb0e084"
FOREIGN KEY ("responsable_id")
  REFERENCES "responsables" ("id")
, CONSTRAINT "fk_rails_35877b416c"
FOREIGN KEY ("office_id")
  REFERENCES "offices" ("id")
, CONSTRAINT "fk_rails_d86fa19272"
FOREIGN KEY ("event_request_status_id")
  REFERENCES "event_request_statuses" ("id")
, CONSTRAINT "fk_rails_b8d098c192"
FOREIGN KEY ("event_type_id")
  REFERENCES "event_types" ("id")
)[0m
  [1m[35m (1.6ms)[0m  [1m[35mCREATE  INDEX  "index_event_requests_on_responsable_id" ON "event_requests"  ("responsable_id")[0m
  [1m[35m (1.2ms)[0m  [1m[35mCREATE  INDEX  "index_event_requests_on_office_id" ON "event_requests"  ("office_id")[0m
  [1m[35m (0.8ms)[0m  [1m[35mCREATE  INDEX  "index_event_requests_on_event_request_status_id" ON "event_requests"  ("event_request_status_id")[0m
  [1m[35m (0.8ms)[0m  [1m[35mCREATE  INDEX  "index_event_requests_on_event_type_id" ON "event_requests"  ("event_type_id")[0m
  [1m[35mSQL (0.3ms)[0m  [1m[32mINSERT INTO "schema_migrations" ("version") VALUES ($1) RETURNING "version"[0m  [["version", "20170926222154"]]
  [1m[35m (0.8ms)[0m  [1m[35mCOMMIT[0m
Migrating to CreateEvents (20170926222309)
  [1m[35m (5.8ms)[0m  [1m[35mBEGIN[0m
  [1m[35m (7.7ms)[0m  [1m[35mCREATE TABLE "events" ("id" bigserial primary key, "event_request_id" bigint, "supplier_id" bigint, "cost" float, "created_at" timestamp NOT NULL, "updated_at" timestamp NOT NULL, CONSTRAINT "fk_rails_3cf5ce6ccf"
FOREIGN KEY ("event_request_id")
  REFERENCES "event_requests" ("id")
, CONSTRAINT "fk_rails_e07e930a7b"
FOREIGN KEY ("supplier_id")
  REFERENCES "suppliers" ("id")
)[0m
  [1m[35m (12.0ms)[0m  [1m[35mCREATE  INDEX  "index_events_on_event_request_id" ON "events"  ("event_request_id")[0m
  [1m[35m (1.2ms)[0m  [1m[35mCREATE  INDEX  "index_events_on_supplier_id" ON "events"  ("supplier_id")[0m
  [1m[35mSQL (0.4ms)[0m  [1m[32mINSERT INTO "schema_migrations" ("version") VALUES ($1) RETURNING "version"[0m  [["version", "20170926222309"]]
  [1m[35m (0.5ms)[0m  [1m[35mCOMMIT[0m
  [1m[36mActiveRecord::InternalMetadata Load (7.4ms)[0m  [1m[34mSELECT  "ar_internal_metadata".* FROM "ar_internal_metadata" WHERE "ar_internal_metadata"."key" = $1 LIMIT $2[0m  [["key", "environment"], ["LIMIT", 1]]
  [1m[35m (0.2ms)[0m  [1m[35mBEGIN[0m
  [1m[35m (0.2ms)[0m  [1m[35mCOMMIT[0m
  [1m[35m (0.3ms)[0m  [1m[34mSELECT pg_advisory_unlock(204187540058120640)[0m
  [1m[35m (0.3ms)[0m  [1m[34mSELECT "schema_migrations"."version" FROM "schema_migrations" ORDER BY "schema_migrations"."version" ASC[0m
  [1m[36mEvent Load (5.6ms)[0m  [1m[34mSELECT  "events".* FROM "events" ORDER BY "events"."id" DESC LIMIT $1[0m  [["LIMIT", 1]]
  [1m[36mEvent Load (0.3ms)[0m  [1m[34mSELECT  "events".* FROM "events" ORDER BY "events"."id" ASC LIMIT $1[0m  [["LIMIT", 1]]
  [1m[36mEvent Load (0.5ms)[0m  [1m[34mSELECT  "events".* FROM "events" ORDER BY "events"."id" ASC LIMIT $1 OFFSET $2[0m  [["LIMIT", 1], ["OFFSET", 1]]
  [1m[35m (1.2ms)[0m  [1m[35mBEGIN[0m
  [1m[35m (0.3ms)[0m  [1m[31mROLLBACK[0m
  [1m[35m (0.4ms)[0m  [1m[35mBEGIN[0m
  [1m[35m (0.3ms)[0m  [1m[31mROLLBACK[0m
  [1m[35m (0.2ms)[0m  [1m[35mBEGIN[0m
  [1m[35mSQL (5.2ms)[0m  [1m[32mINSERT INTO "event_types" ("created_at", "updated_at") VALUES ($1, $2) RETURNING "id"[0m  [["created_at", "2017-09-26 22:28:14.176293"], ["updated_at", "2017-09-26 22:28:14.176293"]]
  [1m[35m (6.1ms)[0m  [1m[35mCOMMIT[0m
  [1m[36mEventType Load (0.4ms)[0m  [1m[34mSELECT  "event_types".* FROM "event_types" ORDER BY "event_types"."id" DESC LIMIT $1[0m  [["LIMIT", 1]]
  [1m[36mEventType Load (0.4ms)[0m  [1m[34mSELECT  "event_types".* FROM "event_types" ORDER BY "event_types"."id" DESC LIMIT $1[0m  [["LIMIT", 1]]
  [1m[35mSQL (11.9ms)[0m  [1m[31mDELETE FROM "event_types" WHERE "event_types"."id" = $1[0m  [["id", 1]]
  [1m[35m (3.6ms)[0m  [1m[34mSELECT "schema_migrations"."version" FROM "schema_migrations" ORDER BY "schema_migrations"."version" ASC[0m
  [1m[35m (1.7ms)[0m  [1m[34mSELECT "ar_internal_metadata"."value" FROM "ar_internal_metadata" WHERE "ar_internal_metadata"."key" = $1[0m  [["key", "environment"]]
  [1m[35m (0.5ms)[0m  [1m[34mSELECT "schema_migrations"."version" FROM "schema_migrations" ORDER BY "schema_migrations"."version" ASC[0m
  [1m[35m (0.3ms)[0m  [1m[34mSELECT "ar_internal_metadata"."value" FROM "ar_internal_metadata" WHERE "ar_internal_metadata"."key" = $1[0m  [["key", "environment"]]
  [1m[35m (0.3ms)[0m  [1m[34mSELECT "schema_migrations"."version" FROM "schema_migrations" ORDER BY "schema_migrations"."version" ASC[0m
  [1m[35m (0.3ms)[0m  [1m[34mSELECT "ar_internal_metadata"."value" FROM "ar_internal_metadata" WHERE "ar_internal_metadata"."key" = $1[0m  [["key", "environment"]]
  [1m[35m (204.3ms)[0m  [1m[35mDROP DATABASE IF EXISTS "event_manager_dev"[0m
  [1m[35m (177.4ms)[0m  [1m[35mDROP DATABASE IF EXISTS "event_manager_test"[0m
  [1m[35m (15.8ms)[0m  [1m[35mCREATE TABLE "schema_migrations" ("version" character varying NOT NULL PRIMARY KEY)[0m
  [1m[35m (23.7ms)[0m  [1m[35mCREATE TABLE "ar_internal_metadata" ("key" character varying NOT NULL PRIMARY KEY, "value" character varying, "created_at" timestamp NOT NULL, "updated_at" timestamp NOT NULL)[0m
  [1m[35m (1.0ms)[0m  [1m[34mSELECT pg_try_advisory_lock(204187540058120640)[0m
  [1m[35m (2.0ms)[0m  [1m[34mSELECT "schema_migrations"."version" FROM "schema_migrations" ORDER BY "schema_migrations"."version" ASC[0m
Migrating to CreateResponsables (20170926220909)
  [1m[35m (0.2ms)[0m  [1m[35mBEGIN[0m
  [1m[35m (28.2ms)[0m  [1m[35mCREATE TABLE "responsables" ("id" bigserial primary key, "name" character varying NOT NULL, "email" character varying NOT NULL, "created_at" timestamp NOT NULL, "updated_at" timestamp NOT NULL)[0m
  [1m[35mSQL (0.8ms)[0m  [1m[32mINSERT INTO "schema_migrations" ("version") VALUES ($1) RETURNING "version"[0m  [["version", "20170926220909"]]
  [1m[35m (0.6ms)[0m  [1m[35mCOMMIT[0m
Migrating to CreateOffices (20170926221136)
  [1m[35m (6.1ms)[0m  [1m[35mBEGIN[0m
  [1m[35m (15.1ms)[0m  [1m[35mCREATE TABLE "offices" ("id" bigserial primary key, "name" character varying, "enabled" boolean, "created_at" timestamp NOT NULL, "updated_at" timestamp NOT NULL)[0m
  [1m[35mSQL (0.5ms)[0m  [1m[32mINSERT INTO "schema_migrations" ("version") VALUES ($1) RETURNING "version"[0m  [["version", "20170926221136"]]
  [1m[35m (5.4ms)[0m  [1m[35mCOMMIT[0m
Migrating to CreateSuppliers (20170926221305)
  [1m[35m (6.3ms)[0m  [1m[35mBEGIN[0m
  [1m[35m (15.5ms)[0m  [1m[35mCREATE TABLE "suppliers" ("id" bigserial primary key, "name" character varying, "email" character varying, "phone" character varying, "contact" character varying, "created_at" timestamp NOT NULL, "updated_at" timestamp NOT NULL)[0m
  [1m[35mSQL (0.3ms)[0m  [1m[32mINSERT INTO "schema_migrations" ("version") VALUES ($1) RETURNING "version"[0m  [["version", "20170926221305"]]
  [1m[35m (5.1ms)[0m  [1m[35mCOMMIT[0m
Migrating to CreateEventTypes (20170926221433)
  [1m[35m (0.8ms)[0m  [1m[35mBEGIN[0m
  [1m[35m (5.3ms)[0m  [1m[35mCREATE TABLE "event_types" ("id" bigserial primary key, "name" character varying, "enabled" boolean, "created_at" timestamp NOT NULL, "updated_at" timestamp NOT NULL)[0m
  [1m[35mSQL (0.4ms)[0m  [1m[32mINSERT INTO "schema_migrations" ("version") VALUES ($1) RETURNING "version"[0m  [["version", "20170926221433"]]
  [1m[35m (0.4ms)[0m  [1m[35mCOMMIT[0m
Migrating to CreateEventRequestStatuses (20170926221521)
  [1m[35m (5.7ms)[0m  [1m[35mBEGIN[0m
  [1m[35m (14.8ms)[0m  [1m[35mCREATE TABLE "event_request_statuses" ("id" bigserial primary key, "name" character varying, "created_at" timestamp NOT NULL, "updated_at" timestamp NOT NULL)[0m
  [1m[35mSQL (0.4ms)[0m  [1m[32mINSERT INTO "schema_migrations" ("version") VALUES ($1) RETURNING "version"[0m  [["version", "20170926221521"]]
  [1m[35m (2.7ms)[0m  [1m[35mCOMMIT[0m
Migrating to CreateEventRequests (20170926222154)
  [1m[35m (0.4ms)[0m  [1m[35mBEGIN[0m
  [1m[35m (30.0ms)[0m  [1m[35mCREATE TABLE "event_requests" ("id" bigserial primary key, "name" character varying, "description" character varying, "date" timestamp, "participants_number" integer, "responsable_id" bigint, "office_id" bigint, "event_request_status_id" bigint, "event_type_id" bigint, "created_at" timestamp NOT NULL, "updated_at" timestamp NOT NULL, CONSTRAINT "fk_rails_363fb0e084"
FOREIGN KEY ("responsable_id")
  REFERENCES "responsables" ("id")
, CONSTRAINT "fk_rails_35877b416c"
FOREIGN KEY ("office_id")
  REFERENCES "offices" ("id")
, CONSTRAINT "fk_rails_d86fa19272"
FOREIGN KEY ("event_request_status_id")
  REFERENCES "event_request_statuses" ("id")
, CONSTRAINT "fk_rails_b8d098c192"
FOREIGN KEY ("event_type_id")
  REFERENCES "event_types" ("id")
)[0m
  [1m[35m (1.0ms)[0m  [1m[35mCREATE  INDEX  "index_event_requests_on_responsable_id" ON "event_requests"  ("responsable_id")[0m
  [1m[35m (0.9ms)[0m  [1m[35mCREATE  INDEX  "index_event_requests_on_office_id" ON "event_requests"  ("office_id")[0m
  [1m[35m (1.0ms)[0m  [1m[35mCREATE  INDEX  "index_event_requests_on_event_request_status_id" ON "event_requests"  ("event_request_status_id")[0m
  [1m[35m (1.2ms)[0m  [1m[35mCREATE  INDEX  "index_event_requests_on_event_type_id" ON "event_requests"  ("event_type_id")[0m
  [1m[35mSQL (0.8ms)[0m  [1m[32mINSERT INTO "schema_migrations" ("version") VALUES ($1) RETURNING "version"[0m  [["version", "20170926222154"]]
  [1m[35m (0.8ms)[0m  [1m[35mCOMMIT[0m
Migrating to CreateEvents (20170926222309)
  [1m[35m (5.8ms)[0m  [1m[35mBEGIN[0m
  [1m[35m (10.0ms)[0m  [1m[35mCREATE TABLE "events" ("id" bigserial primary key, "event_request_id" bigint, "supplier_id" bigint, "cost" float, "created_at" timestamp NOT NULL, "updated_at" timestamp NOT NULL, CONSTRAINT "fk_rails_3cf5ce6ccf"
FOREIGN KEY ("event_request_id")
  REFERENCES "event_requests" ("id")
, CONSTRAINT "fk_rails_e07e930a7b"
FOREIGN KEY ("supplier_id")
  REFERENCES "suppliers" ("id")
)[0m
  [1m[35m (7.3ms)[0m  [1m[35mCREATE  INDEX  "index_events_on_event_request_id" ON "events"  ("event_request_id")[0m
  [1m[35m (0.9ms)[0m  [1m[35mCREATE  INDEX  "index_events_on_supplier_id" ON "events"  ("supplier_id")[0m
  [1m[35mSQL (0.3ms)[0m  [1m[32mINSERT INTO "schema_migrations" ("version") VALUES ($1) RETURNING "version"[0m  [["version", "20170926222309"]]
  [1m[35m (0.5ms)[0m  [1m[35mCOMMIT[0m
  [1m[36mActiveRecord::InternalMetadata Load (1.7ms)[0m  [1m[34mSELECT  "ar_internal_metadata".* FROM "ar_internal_metadata" WHERE "ar_internal_metadata"."key" = $1 LIMIT $2[0m  [["key", "environment"], ["LIMIT", 1]]
  [1m[35m (0.2ms)[0m  [1m[35mBEGIN[0m
  [1m[35mSQL (0.5ms)[0m  [1m[32mINSERT INTO "ar_internal_metadata" ("key", "value", "created_at", "updated_at") VALUES ($1, $2, $3, $4) RETURNING "key"[0m  [["key", "environment"], ["value", "development"], ["created_at", "2017-09-26 22:30:35.837523"], ["updated_at", "2017-09-26 22:30:35.837523"]]
  [1m[35m (0.4ms)[0m  [1m[35mCOMMIT[0m
  [1m[35m (0.4ms)[0m  [1m[34mSELECT pg_advisory_unlock(204187540058120640)[0m
  [1m[35m (0.9ms)[0m  [1m[34mSELECT "schema_migrations"."version" FROM "schema_migrations" ORDER BY "schema_migrations"."version" ASC[0m
  [1m[35m (0.2ms)[0m  [1m[35mBEGIN[0m
  [1m[35mSQL (1.5ms)[0m  [1m[32mINSERT INTO "responsables" ("created_at", "updated_at") VALUES ($1, $2) RETURNING "id"[0m  [["created_at", "2017-09-26 22:30:47.940637"], ["updated_at", "2017-09-26 22:30:47.940637"]]
  [1m[35m (0.2ms)[0m  [1m[31mROLLBACK[0m
  [1m[35m (3.6ms)[0m  [1m[34mSELECT "schema_migrations"."version" FROM "schema_migrations" ORDER BY "schema_migrations"."version" ASC[0m
  [1m[35m (3.0ms)[0m  [1m[34mSELECT "ar_internal_metadata"."value" FROM "ar_internal_metadata" WHERE "ar_internal_metadata"."key" = $1[0m  [["key", "environment"]]
  [1m[35m (0.3ms)[0m  [1m[34mSELECT "schema_migrations"."version" FROM "schema_migrations" ORDER BY "schema_migrations"."version" ASC[0m
  [1m[35m (0.3ms)[0m  [1m[34mSELECT "ar_internal_metadata"."value" FROM "ar_internal_metadata" WHERE "ar_internal_metadata"."key" = $1[0m  [["key", "environment"]]
  [1m[35m (0.3ms)[0m  [1m[34mSELECT "schema_migrations"."version" FROM "schema_migrations" ORDER BY "schema_migrations"."version" ASC[0m
  [1m[35m (0.3ms)[0m  [1m[34mSELECT "ar_internal_metadata"."value" FROM "ar_internal_metadata" WHERE "ar_internal_metadata"."key" = $1[0m  [["key", "environment"]]
  [1m[35m (198.0ms)[0m  [1m[35mDROP DATABASE IF EXISTS "event_manager_dev"[0m
  [1m[35m (193.6ms)[0m  [1m[35mDROP DATABASE IF EXISTS "event_manager_test"[0m
  [1m[35m (749.7ms)[0m  [1m[35mCREATE DATABASE "event_manager_dev" ENCODING = 'utf8'[0m
  [1m[35m (680.9ms)[0m  [1m[35mCREATE DATABASE "event_manager_test" ENCODING = 'utf8'[0m
  [1m[35m (6.8ms)[0m  [1m[35mCREATE TABLE "schema_migrations" ("version" character varying NOT NULL PRIMARY KEY)[0m
  [1m[35m (2.2ms)[0m  [1m[35mCREATE TABLE "ar_internal_metadata" ("key" character varying NOT NULL PRIMARY KEY, "value" character varying, "created_at" timestamp NOT NULL, "updated_at" timestamp NOT NULL)[0m
  [1m[35m (0.2ms)[0m  [1m[34mSELECT pg_try_advisory_lock(204187540058120640)[0m
  [1m[35m (2.1ms)[0m  [1m[34mSELECT "schema_migrations"."version" FROM "schema_migrations" ORDER BY "schema_migrations"."version" ASC[0m
Migrating to CreateResponsables (20170926220909)
  [1m[35m (0.2ms)[0m  [1m[35mBEGIN[0m
  [1m[35m (21.1ms)[0m  [1m[35mCREATE TABLE "responsables" ("id" bigserial primary key, "name" character varying NOT NULL, "email" character varying NOT NULL, "created_at" timestamp NOT NULL, "updated_at" timestamp NOT NULL)[0m
  [1m[35mSQL (0.6ms)[0m  [1m[32mINSERT INTO "schema_migrations" ("version") VALUES ($1) RETURNING "version"[0m  [["version", "20170926220909"]]
  [1m[35m (0.5ms)[0m  [1m[35mCOMMIT[0m
Migrating to CreateOffices (20170926221136)
  [1m[35m (5.9ms)[0m  [1m[35mBEGIN[0m
  [1m[35m (21.0ms)[0m  [1m[35mCREATE TABLE "offices" ("id" bigserial primary key, "name" character varying NOT NULL, "enabled" boolean DEFAULT 't' NOT NULL, "created_at" timestamp NOT NULL, "updated_at" timestamp NOT NULL)[0m
  [1m[35mSQL (0.5ms)[0m  [1m[32mINSERT INTO "schema_migrations" ("version") VALUES ($1) RETURNING "version"[0m  [["version", "20170926221136"]]
  [1m[35m (1.7ms)[0m  [1m[35mCOMMIT[0m
Migrating to CreateSuppliers (20170926221305)
  [1m[35m (11.6ms)[0m  [1m[35mBEGIN[0m
  [1m[35m (13.6ms)[0m  [1m[35mCREATE TABLE "suppliers" ("id" bigserial primary key, "name" character varying NOT NULL, "email" character varying, "phone" character varying NOT NULL, "contact" character varying, "created_at" timestamp NOT NULL, "updated_at" timestamp NOT NULL)[0m
  [1m[35mSQL (0.4ms)[0m  [1m[32mINSERT INTO "schema_migrations" ("version") VALUES ($1) RETURNING "version"[0m  [["version", "20170926221305"]]
  [1m[35m (0.5ms)[0m  [1m[35mCOMMIT[0m
Migrating to CreateEventTypes (20170926221433)
  [1m[35m (6.1ms)[0m  [1m[35mBEGIN[0m
  [1m[35m (14.8ms)[0m  [1m[35mCREATE TABLE "event_types" ("id" bigserial primary key, "name" character varying NOT NULL, "enabled" boolean DEFAULT 't' NOT NULL, "created_at" timestamp NOT NULL, "updated_at" timestamp NOT NULL)[0m
  [1m[35mSQL (0.4ms)[0m  [1m[32mINSERT INTO "schema_migrations" ("version") VALUES ($1) RETURNING "version"[0m  [["version", "20170926221433"]]
  [1m[35m (0.5ms)[0m  [1m[35mCOMMIT[0m
Migrating to CreateEventRequestStatuses (20170926221521)
  [1m[35m (0.4ms)[0m  [1m[35mBEGIN[0m
  [1m[35m (4.4ms)[0m  [1m[35mCREATE TABLE "event_request_statuses" ("id" bigserial primary key, "name" character varying NOT NULL, "created_at" timestamp NOT NULL, "updated_at" timestamp NOT NULL)[0m
  [1m[35mSQL (0.4ms)[0m  [1m[32mINSERT INTO "schema_migrations" ("version") VALUES ($1) RETURNING "version"[0m  [["version", "20170926221521"]]
  [1m[35m (0.5ms)[0m  [1m[35mCOMMIT[0m
Migrating to CreateEventRequests (20170926222154)
  [1m[35m (0.4ms)[0m  [1m[35mBEGIN[0m
  [1m[35m (25.0ms)[0m  [1m[35mCREATE TABLE "event_requests" ("id" bigserial primary key, "name" character varying NOT NULL, "description" character varying NOT NULL, "date" timestamp NOT NULL, "participants_number" integer NOT NULL, "responsable_id" bigint, "office_id" bigint, "event_request_status_id" bigint, "event_type_id" bigint, "created_at" timestamp NOT NULL, "updated_at" timestamp NOT NULL, CONSTRAINT "fk_rails_363fb0e084"
FOREIGN KEY ("responsable_id")
  REFERENCES "responsables" ("id")
, CONSTRAINT "fk_rails_35877b416c"
FOREIGN KEY ("office_id")
  REFERENCES "offices" ("id")
, CONSTRAINT "fk_rails_d86fa19272"
FOREIGN KEY ("event_request_status_id")
  REFERENCES "event_request_statuses" ("id")
, CONSTRAINT "fk_rails_b8d098c192"
FOREIGN KEY ("event_type_id")
  REFERENCES "event_types" ("id")
)[0m
  [1m[35m (1.3ms)[0m  [1m[35mCREATE  INDEX  "index_event_requests_on_responsable_id" ON "event_requests"  ("responsable_id")[0m
  [1m[35m (1.0ms)[0m  [1m[35mCREATE  INDEX  "index_event_requests_on_office_id" ON "event_requests"  ("office_id")[0m
  [1m[35m (0.9ms)[0m  [1m[35mCREATE  INDEX  "index_event_requests_on_event_request_status_id" ON "event_requests"  ("event_request_status_id")[0m
  [1m[35m (1.2ms)[0m  [1m[35mCREATE  INDEX  "index_event_requests_on_event_type_id" ON "event_requests"  ("event_type_id")[0m
  [1m[35mSQL (0.4ms)[0m  [1m[32mINSERT INTO "schema_migrations" ("version") VALUES ($1) RETURNING "version"[0m  [["version", "20170926222154"]]
  [1m[35m (0.5ms)[0m  [1m[35mCOMMIT[0m
Migrating to CreateEvents (20170926222309)
  [1m[35m (0.3ms)[0m  [1m[35mBEGIN[0m
  [1m[35m (4.1ms)[0m  [1m[35mCREATE TABLE "events" ("id" bigserial primary key, "event_request_id" bigint, "supplier_id" bigint, "cost" float, "created_at" timestamp NOT NULL, "updated_at" timestamp NOT NULL, CONSTRAINT "fk_rails_3cf5ce6ccf"
FOREIGN KEY ("event_request_id")
  REFERENCES "event_requests" ("id")
, CONSTRAINT "fk_rails_e07e930a7b"
FOREIGN KEY ("supplier_id")
  REFERENCES "suppliers" ("id")
)[0m
  [1m[35m (1.2ms)[0m  [1m[35mCREATE  INDEX  "index_events_on_event_request_id" ON "events"  ("event_request_id")[0m
  [1m[35m (0.8ms)[0m  [1m[35mCREATE  INDEX  "index_events_on_supplier_id" ON "events"  ("supplier_id")[0m
  [1m[35mSQL (0.4ms)[0m  [1m[32mINSERT INTO "schema_migrations" ("version") VALUES ($1) RETURNING "version"[0m  [["version", "20170926222309"]]
  [1m[35m (0.4ms)[0m  [1m[35mCOMMIT[0m
  [1m[36mActiveRecord::InternalMetadata Load (1.8ms)[0m  [1m[34mSELECT  "ar_internal_metadata".* FROM "ar_internal_metadata" WHERE "ar_internal_metadata"."key" = $1 LIMIT $2[0m  [["key", "environment"], ["LIMIT", 1]]
  [1m[35m (0.3ms)[0m  [1m[35mBEGIN[0m
  [1m[35mSQL (0.5ms)[0m  [1m[32mINSERT INTO "ar_internal_metadata" ("key", "value", "created_at", "updated_at") VALUES ($1, $2, $3, $4) RETURNING "key"[0m  [["key", "environment"], ["value", "development"], ["created_at", "2017-09-26 22:36:48.053796"], ["updated_at", "2017-09-26 22:36:48.053796"]]
  [1m[35m (0.4ms)[0m  [1m[35mCOMMIT[0m
  [1m[35m (0.3ms)[0m  [1m[34mSELECT pg_advisory_unlock(204187540058120640)[0m
  [1m[35m (0.4ms)[0m  [1m[34mSELECT "schema_migrations"."version" FROM "schema_migrations" ORDER BY "schema_migrations"."version" ASC[0m
  [1m[36mEvent Load (5.7ms)[0m  [1m[34mSELECT  "events".* FROM "events" ORDER BY "events"."id" DESC LIMIT $1[0m  [["LIMIT", 1]]
  [1m[35m (0.2ms)[0m  [1m[35mBEGIN[0m
  [1m[35mSQL (7.3ms)[0m  [1m[32mINSERT INTO "event_request_statuses" ("created_at", "updated_at") VALUES ($1, $2) RETURNING "id"[0m  [["created_at", "2017-09-26 22:37:45.087229"], ["updated_at", "2017-09-26 22:37:45.087229"]]
  [1m[35m (0.4ms)[0m  [1m[31mROLLBACK[0m
